<?xml version="1.0" encoding="UTF-8"?>
<coverage generated="1423780434">
  <project timestamp="1423780434">
    <package name="NukaCode\Barcode">
      <file name="/Users/riddles/code/barcode/src/NukaCode/Barcode/Barcode.php">
        <class name="Barcode" namespace="NukaCode\Barcode">
          <metrics methods="5" coveredmethods="5" conditionals="0" coveredconditionals="0" statements="111" coveredstatements="111" elements="116" coveredelements="116"/>
        </class>
        <line num="25" type="method" name="_encode_code128" crap="2" count="2"/>
        <line num="27" type="stmt" count="2"/>
        <line num="29" type="stmt" count="2"/>
        <line num="30" type="stmt" count="2"/>
        <line num="31" type="stmt" count="2"/>
        <line num="32" type="stmt" count="2"/>
        <line num="33" type="stmt" count="2"/>
        <line num="34" type="stmt" count="2"/>
        <line num="35" type="stmt" count="2"/>
        <line num="36" type="stmt" count="2"/>
        <line num="37" type="stmt" count="2"/>
        <line num="39" type="stmt" count="2"/>
        <line num="42" type="method" name="_encode_code39" crap="2" count="2"/>
        <line num="45" type="stmt" count="2"/>
        <line num="46" type="stmt" count="2"/>
        <line num="47" type="stmt" count="2"/>
        <line num="48" type="stmt" count="2"/>
        <line num="49" type="stmt" count="2"/>
        <line num="51" type="stmt" count="2"/>
        <line num="54" type="method" name="_encode_code25" crap="8" count="7"/>
        <line num="56" type="stmt" count="7"/>
        <line num="57" type="stmt" count="7"/>
        <line num="58" type="stmt" count="7"/>
        <line num="59" type="stmt" count="7"/>
        <line num="60" type="stmt" count="7"/>
        <line num="61" type="stmt" count="7"/>
        <line num="62" type="stmt" count="7"/>
        <line num="63" type="stmt" count="7"/>
        <line num="65" type="stmt" count="7"/>
        <line num="66" type="stmt" count="7"/>
        <line num="67" type="stmt" count="7"/>
        <line num="68" type="stmt" count="7"/>
        <line num="69" type="stmt" count="7"/>
        <line num="70" type="stmt" count="7"/>
        <line num="71" type="stmt" count="7"/>
        <line num="72" type="stmt" count="7"/>
        <line num="73" type="stmt" count="7"/>
        <line num="75" type="stmt" count="7"/>
        <line num="78" type="method" name="_encode_codabar" crap="4" count="2"/>
        <line num="80" type="stmt" count="2"/>
        <line num="82" type="stmt" count="2"/>
        <line num="84" type="stmt" count="2"/>
        <line num="85" type="stmt" count="2"/>
        <line num="86" type="stmt" count="2"/>
        <line num="87" type="stmt" count="2"/>
        <line num="88" type="stmt" count="2"/>
        <line num="89" type="stmt" count="2"/>
        <line num="90" type="stmt" count="2"/>
        <line num="92" type="stmt" count="2"/>
        <line num="95" type="method" name="encode" crap="16" count="10"/>
        <line num="99" type="stmt" count="10"/>
        <line num="100" type="stmt" count="1"/>
        <line num="101" type="stmt" count="1"/>
        <line num="102" type="stmt" count="9"/>
        <line num="103" type="stmt" count="1"/>
        <line num="104" type="stmt" count="1"/>
        <line num="105" type="stmt" count="8"/>
        <line num="106" type="stmt" count="6"/>
        <line num="107" type="stmt" count="6"/>
        <line num="108" type="stmt" count="2"/>
        <line num="109" type="stmt" count="1"/>
        <line num="110" type="stmt" count="1"/>
        <line num="111" type="stmt" count="1"/>
        <line num="112" type="stmt" count="1"/>
        <line num="113" type="stmt" count="1"/>
        <line num="117" type="stmt" count="9"/>
        <line num="118" type="stmt" count="9"/>
        <line num="119" type="stmt" count="9"/>
        <line num="120" type="stmt" count="9"/>
        <line num="121" type="stmt" count="9"/>
        <line num="122" type="stmt" count="9"/>
        <line num="124" type="stmt" count="9"/>
        <line num="125" type="stmt" count="8"/>
        <line num="126" type="stmt" count="8"/>
        <line num="127" type="stmt" count="8"/>
        <line num="128" type="stmt" count="1"/>
        <line num="129" type="stmt" count="1"/>
        <line num="132" type="stmt" count="9"/>
        <line num="133" type="stmt" count="1"/>
        <line num="134" type="stmt" count="1"/>
        <line num="135" type="stmt" count="8"/>
        <line num="137" type="stmt" count="9"/>
        <line num="138" type="stmt" count="9"/>
        <line num="140" type="stmt" count="9"/>
        <line num="142" type="stmt" count="9"/>
        <line num="143" type="stmt" count="9"/>
        <line num="144" type="stmt" count="9"/>
        <line num="145" type="stmt" count="9"/>
        <line num="146" type="stmt" count="8"/>
        <line num="147" type="stmt" count="8"/>
        <line num="148" type="stmt" count="1"/>
        <line num="150" type="stmt" count="9"/>
        <line num="151" type="stmt" count="9"/>
        <line num="153" type="stmt" count="9"/>
        <line num="154" type="stmt" count="1"/>
        <line num="155" type="stmt" count="1"/>
        <line num="156" type="stmt" count="1"/>
        <line num="157" type="stmt" count="1"/>
        <line num="159" type="stmt" count="1"/>
        <line num="161" type="stmt" count="1"/>
        <line num="162" type="stmt" count="1"/>
        <line num="165" type="stmt" count="9"/>
        <line num="166" type="stmt" count="1"/>
        <line num="167" type="stmt" count="8"/>
        <line num="168" type="stmt" count="6"/>
        <line num="169" type="stmt" count="6"/>
        <line num="170" type="stmt" count="6"/>
        <line num="171" type="stmt" count="6"/>
        <line num="173" type="stmt" count="6"/>
        <line num="174" type="stmt" count="2"/>
        <line num="175" type="stmt" count="1"/>
        <line num="176" type="stmt" count="1"/>
        <line num="177" type="stmt" count="1"/>
        <line num="178" type="stmt" count="1"/>
        <line num="180" type="stmt" count="1"/>
        <line num="182" type="stmt" count="1"/>
        <metrics loc="184" ncloc="168" classes="1" methods="5" coveredmethods="5" conditionals="0" coveredconditionals="0" statements="111" coveredstatements="111" elements="116" coveredelements="116"/>
      </file>
      <file name="/Users/riddles/code/barcode/src/NukaCode/Barcode/BarcodeFacade.php">
        <class name="BarcodeFacade" namespace="NukaCode\Barcode" fullPackage="NukaCode" package="NukaCode">
          <metrics methods="1" coveredmethods="0" conditionals="0" coveredconditionals="0" statements="3" coveredstatements="0" elements="4" coveredelements="0"/>
        </class>
        <line num="15" type="method" name="getFacadeAccessor" crap="2" count="0"/>
        <line num="16" type="stmt" count="0"/>
        <line num="17" type="stmt" count="0"/>
        <line num="18" type="stmt" count="0"/>
        <metrics loc="19" ncloc="9" classes="1" methods="1" coveredmethods="0" conditionals="0" coveredconditionals="0" statements="3" coveredstatements="0" elements="4" coveredelements="0"/>
      </file>
      <file name="/Users/riddles/code/barcode/src/NukaCode/Barcode/BarcodeServiceProvider.php">
        <class name="BarcodeServiceProvider" namespace="NukaCode\Barcode" fullPackage="NukaCode" package="NukaCode">
          <metrics methods="6" coveredmethods="0" conditionals="0" coveredconditionals="0" statements="21" coveredstatements="0" elements="27" coveredelements="0"/>
        </class>
        <line num="24" type="method" name="boot" crap="2" count="0"/>
        <line num="25" type="stmt" count="0"/>
        <line num="27" type="stmt" count="0"/>
        <line num="34" type="method" name="register" crap="2" count="0"/>
        <line num="35" type="stmt" count="0"/>
        <line num="36" type="stmt" count="0"/>
        <line num="37" type="stmt" count="0"/>
        <line num="38" type="stmt" count="0"/>
        <line num="45" type="method" name="shareWithApp" crap="2" count="0"/>
        <line num="46" type="stmt" count="0"/>
        <line num="47" type="method" name="anonymous function" crap="2" count="0"/>
        <line num="48" type="stmt" count="0"/>
        <line num="49" type="stmt" count="0"/>
        <line num="50" type="stmt" count="0"/>
        <line num="57" type="method" name="registerAliases" crap="6" count="0"/>
        <line num="58" type="stmt" count="0"/>
        <line num="59" type="stmt" count="0"/>
        <line num="60" type="stmt" count="0"/>
        <line num="61" type="stmt" count="0"/>
        <line num="63" type="stmt" count="0"/>
        <line num="65" type="stmt" count="0"/>
        <line num="66" type="stmt" count="0"/>
        <line num="67" type="stmt" count="0"/>
        <line num="68" type="stmt" count="0"/>
        <line num="75" type="method" name="provides" crap="2" count="0"/>
        <line num="76" type="stmt" count="0"/>
        <line num="77" type="stmt" count="0"/>
        <line num="78" type="stmt" count="0"/>
        <metrics loc="79" ncloc="42" classes="1" methods="6" coveredmethods="0" conditionals="0" coveredconditionals="0" statements="22" coveredstatements="0" elements="28" coveredelements="0"/>
      </file>
      <file name="/Users/riddles/code/barcode/src/NukaCode/Barcode/Generate.php">
        <class name="Generate" namespace="NukaCode\Barcode">
          <metrics methods="1" coveredmethods="0" conditionals="0" coveredconditionals="0" statements="2" coveredstatements="0" elements="3" coveredelements="0"/>
        </class>
        <line num="5" type="method" name="render" crap="2" count="0"/>
        <line num="6" type="stmt" count="0"/>
        <line num="8" type="stmt" count="0"/>
        <metrics loc="8" ncloc="8" classes="1" methods="1" coveredmethods="0" conditionals="0" coveredconditionals="0" statements="2" coveredstatements="0" elements="3" coveredelements="0"/>
      </file>
    </package>
    <package name="NukaCode\Barcode\Encoders">
      <file name="/Users/riddles/code/barcode/src/NukaCode/Barcode/Encoders/BaseEncoder.php">
        <class name="BaseEncoder" namespace="NukaCode\Barcode\Encoders">
          <metrics methods="1" coveredmethods="1" conditionals="0" coveredconditionals="0" statements="3" coveredstatements="3" elements="4" coveredelements="4"/>
        </class>
        <line num="12" type="method" name="validateCode" crap="2" count="6"/>
        <line num="14" type="stmt" count="6"/>
        <line num="15" type="stmt" count="3"/>
        <line num="17" type="stmt" count="3"/>
        <metrics loc="17" ncloc="10" classes="1" methods="1" coveredmethods="1" conditionals="0" coveredconditionals="0" statements="3" coveredstatements="3" elements="4" coveredelements="4"/>
      </file>
      <file name="/Users/riddles/code/barcode/src/NukaCode/Barcode/Encoders/Codabar.php">
        <class name="Codabar" namespace="NukaCode\Barcode\Encoders">
          <metrics methods="2" coveredmethods="2" conditionals="0" coveredconditionals="0" statements="8" coveredstatements="8" elements="10" coveredelements="10"/>
        </class>
        <line num="21" type="method" name="encode" crap="2" count="2"/>
        <line num="23" type="stmt" count="2"/>
        <line num="25" type="stmt" count="1"/>
        <line num="27" type="stmt" count="1"/>
        <line num="28" type="stmt" count="1"/>
        <line num="29" type="stmt" count="1"/>
        <line num="31" type="stmt" count="1"/>
        <line num="33" type="stmt" count="1"/>
        <line num="43" type="method" name="getChecksum" crap="1" count="1"/>
        <line num="45" type="stmt" count="1"/>
        <metrics loc="46" ncloc="33" classes="1" methods="2" coveredmethods="2" conditionals="0" coveredconditionals="0" statements="8" coveredstatements="8" elements="10" coveredelements="10"/>
      </file>
      <file name="/Users/riddles/code/barcode/src/NukaCode/Barcode/Encoders/Code128.php">
        <class name="Code128" namespace="NukaCode\Barcode\Encoders">
          <metrics methods="2" coveredmethods="1" conditionals="0" coveredconditionals="0" statements="12" coveredstatements="11" elements="14" coveredelements="12"/>
        </class>
        <line num="35" type="method" name="encode" crap="2" count="1"/>
        <line num="37" type="stmt" count="1"/>
        <line num="39" type="stmt" count="1"/>
        <line num="40" type="stmt" count="1"/>
        <line num="41" type="stmt" count="1"/>
        <line num="42" type="stmt" count="1"/>
        <line num="43" type="stmt" count="1"/>
        <line num="44" type="stmt" count="1"/>
        <line num="45" type="stmt" count="1"/>
        <line num="46" type="stmt" count="1"/>
        <line num="47" type="stmt" count="1"/>
        <line num="49" type="stmt" count="1"/>
        <line num="52" type="method" name="getChecksum" crap="2" count="0"/>
        <line num="55" type="stmt" count="0"/>
        <metrics loc="55" ncloc="49" classes="1" methods="2" coveredmethods="1" conditionals="0" coveredconditionals="0" statements="12" coveredstatements="11" elements="14" coveredelements="12"/>
      </file>
      <file name="/Users/riddles/code/barcode/src/NukaCode/Barcode/Encoders/Code25.php">
        <class name="Code25" namespace="NukaCode\Barcode\Encoders">
          <metrics methods="2" coveredmethods="1" conditionals="0" coveredconditionals="0" statements="18" coveredstatements="17" elements="20" coveredelements="18"/>
        </class>
        <line num="18" type="method" name="encode" crap="5" count="2"/>
        <line num="20" type="stmt" count="2"/>
        <line num="22" type="stmt" count="1"/>
        <line num="24" type="stmt" count="1"/>
        <line num="25" type="stmt" count="1"/>
        <line num="26" type="stmt" count="1"/>
        <line num="29" type="stmt" count="1"/>
        <line num="30" type="stmt" count="1"/>
        <line num="31" type="stmt" count="1"/>
        <line num="33" type="stmt" count="1"/>
        <line num="34" type="stmt" count="1"/>
        <line num="35" type="stmt" count="1"/>
        <line num="36" type="stmt" count="1"/>
        <line num="38" type="stmt" count="1"/>
        <line num="39" type="stmt" count="1"/>
        <line num="40" type="stmt" count="1"/>
        <line num="41" type="stmt" count="1"/>
        <line num="43" type="stmt" count="1"/>
        <line num="46" type="method" name="getChecksum" crap="2" count="0"/>
        <line num="49" type="stmt" count="0"/>
        <metrics loc="49" ncloc="41" classes="1" methods="2" coveredmethods="1" conditionals="0" coveredconditionals="0" statements="18" coveredstatements="17" elements="20" coveredelements="18"/>
      </file>
      <file name="/Users/riddles/code/barcode/src/NukaCode/Barcode/Encoders/Code39.php">
        <class name="Code39" namespace="NukaCode\Barcode\Encoders">
          <metrics methods="2" coveredmethods="2" conditionals="0" coveredconditionals="0" statements="8" coveredstatements="8" elements="10" coveredelements="10"/>
        </class>
        <line num="26" type="method" name="encode" crap="2" count="2"/>
        <line num="28" type="stmt" count="2"/>
        <line num="30" type="stmt" count="1"/>
        <line num="32" type="stmt" count="1"/>
        <line num="33" type="stmt" count="1"/>
        <line num="34" type="stmt" count="1"/>
        <line num="36" type="stmt" count="1"/>
        <line num="38" type="stmt" count="1"/>
        <line num="48" type="method" name="getChecksum" crap="1" count="1"/>
        <line num="50" type="stmt" count="1"/>
        <metrics loc="51" ncloc="38" classes="1" methods="2" coveredmethods="2" conditionals="0" coveredconditionals="0" statements="8" coveredstatements="8" elements="10" coveredelements="10"/>
      </file>
    </package>
    <file name="/Users/riddles/code/barcode/src/NukaCode/Barcode/Encoders/Encoder.php">
      <metrics loc="7" ncloc="7" classes="0" methods="0" coveredmethods="0" conditionals="0" coveredconditionals="0" statements="0" coveredstatements="0" elements="0" coveredelements="0"/>
    </file>
    <metrics files="10" loc="515" ncloc="405" classes="9" methods="22" coveredmethods="12" conditionals="0" coveredconditionals="0" statements="187" coveredstatements="158" elements="209" coveredelements="170"/>
  </project>
</coverage>
